find_executable: checking for pg_config... -------------------- yes

--------------------

find_header: checking for libpq-fe.h... -------------------- yes

"gcc -o conftest -I/home/ec2-user/.rvm/rubies/ruby-2.6.3/include/ruby-2.6.0/x86_64-linux -I/home/ec2-user/.rvm/rubies/ruby-2.6.3/include/ruby-2.6.0/ruby/backward -I/home/ec2-user/.rvm/rubies/ruby-2.6.3/include/ruby-2.6.0 -I. -I/usr/include    -O3 -ggdb3 -Wall -Wextra -Wdeclaration-after-statement -Wdeprecated-declarations -Wduplicated-cond -Wimplicit-function-declaration -Wimplicit-int -Wmisleading-indentation -Wpointer-arith -Wrestrict -Wwrite-strings -Wimplicit-fallthrough=0 -Wmissing-noreturn -Wno-cast-function-type -Wno-constant-logical-operand -Wno-long-long -Wno-missing-field-initializers -Wno-overlength-strings -Wno-packed-bitfield-compat -Wno-parentheses-equality -Wno-self-assign -Wno-tautological-compare -Wno-unused-parameter -Wno-unused-value -Wsuggest-attribute=format -Wsuggest-attribute=noreturn -Wunused-variable  -fPIC conftest.c  -L. -L/home/ec2-user/.rvm/rubies/ruby-2.6.3/lib -Wl,-rpath,/home/ec2-user/.rvm/rubies/ruby-2.6.3/lib -L/usr/lib64 -Wl,-rpath,/usr/lib64 -L. -fstack-protector-strong -rdynamic -Wl,-export-dynamic     -Wl,-rpath,'/../lib' -Wl,-rpath,'/../lib' -lruby  -lm   -lc"
checked program was:
/* begin */
1: #include "ruby.h"
2: 
3: int main(int argc, char **argv)
4: {
5:   return 0;
6: }
/* end */

"gcc -E -I/home/ec2-user/.rvm/rubies/ruby-2.6.3/include/ruby-2.6.0/x86_64-linux -I/home/ec2-user/.rvm/rubies/ruby-2.6.3/include/ruby-2.6.0/ruby/backward -I/home/ec2-user/.rvm/rubies/ruby-2.6.3/include/ruby-2.6.0 -I. -I/usr/include    -O3 -ggdb3 -Wall -Wextra -Wdeclaration-after-statement -Wdeprecated-declarations -Wduplicated-cond -Wimplicit-function-declaration -Wimplicit-int -Wmisleading-indentation -Wpointer-arith -Wrestrict -Wwrite-strings -Wimplicit-fallthrough=0 -Wmissing-noreturn -Wno-cast-function-type -Wno-constant-logical-operand -Wno-long-long -Wno-missing-field-initializers -Wno-overlength-strings -Wno-packed-bitfield-compat -Wno-parentheses-equality -Wno-self-assign -Wno-tautological-compare -Wno-unused-parameter -Wno-unused-value -Wsuggest-attribute=format -Wsuggest-attribute=noreturn -Wunused-variable  -fPIC  conftest.c -o conftest.i"
checked program was:
/* begin */
1: #include "ruby.h"
2: 
3: #include <libpq-fe.h>
/* end */

--------------------

find_header: checking for libpq/libpq-fs.h... -------------------- yes

"gcc -E -I/home/ec2-user/.rvm/rubies/ruby-2.6.3/include/ruby-2.6.0/x86_64-linux -I/home/ec2-user/.rvm/rubies/ruby-2.6.3/include/ruby-2.6.0/ruby/backward -I/home/ec2-user/.rvm/rubies/ruby-2.6.3/include/ruby-2.6.0 -I. -I/usr/include    -O3 -ggdb3 -Wall -Wextra -Wdeclaration-after-statement -Wdeprecated-declarations -Wduplicated-cond -Wimplicit-function-declaration -Wimplicit-int -Wmisleading-indentation -Wpointer-arith -Wrestrict -Wwrite-strings -Wimplicit-fallthrough=0 -Wmissing-noreturn -Wno-cast-function-type -Wno-constant-logical-operand -Wno-long-long -Wno-missing-field-initializers -Wno-overlength-strings -Wno-packed-bitfield-compat -Wno-parentheses-equality -Wno-self-assign -Wno-tautological-compare -Wno-unused-parameter -Wno-unused-value -Wsuggest-attribute=format -Wsuggest-attribute=noreturn -Wunused-variable  -fPIC  conftest.c -o conftest.i"
checked program was:
/* begin */
1: #include "ruby.h"
2: 
3: #include <libpq/libpq-fs.h>
/* end */

--------------------

find_header: checking for pg_config_manual.h... -------------------- yes

"gcc -E -I/home/ec2-user/.rvm/rubies/ruby-2.6.3/include/ruby-2.6.0/x86_64-linux -I/home/ec2-user/.rvm/rubies/ruby-2.6.3/include/ruby-2.6.0/ruby/backward -I/home/ec2-user/.rvm/rubies/ruby-2.6.3/include/ruby-2.6.0 -I. -I/usr/include    -O3 -ggdb3 -Wall -Wextra -Wdeclaration-after-statement -Wdeprecated-declarations -Wduplicated-cond -Wimplicit-function-declaration -Wimplicit-int -Wmisleading-indentation -Wpointer-arith -Wrestrict -Wwrite-strings -Wimplicit-fallthrough=0 -Wmissing-noreturn -Wno-cast-function-type -Wno-constant-logical-operand -Wno-long-long -Wno-missing-field-initializers -Wno-overlength-strings -Wno-packed-bitfield-compat -Wno-parentheses-equality -Wno-self-assign -Wno-tautological-compare -Wno-unused-parameter -Wno-unused-value -Wsuggest-attribute=format -Wsuggest-attribute=noreturn -Wunused-variable  -fPIC  conftest.c -o conftest.i"
checked program was:
/* begin */
1: #include "ruby.h"
2: 
3: #include <pg_config_manual.h>
/* end */

--------------------

have_library: checking for PQconnectdb() in -lpq... -------------------- yes

"gcc -o conftest -I/home/ec2-user/.rvm/rubies/ruby-2.6.3/include/ruby-2.6.0/x86_64-linux -I/home/ec2-user/.rvm/rubies/ruby-2.6.3/include/ruby-2.6.0/ruby/backward -I/home/ec2-user/.rvm/rubies/ruby-2.6.3/include/ruby-2.6.0 -I. -I/usr/include    -O3 -ggdb3 -Wall -Wextra -Wdeclaration-after-statement -Wdeprecated-declarations -Wduplicated-cond -Wimplicit-function-declaration -Wimplicit-int -Wmisleading-indentation -Wpointer-arith -Wrestrict -Wwrite-strings -Wimplicit-fallthrough=0 -Wmissing-noreturn -Wno-cast-function-type -Wno-constant-logical-operand -Wno-long-long -Wno-missing-field-initializers -Wno-overlength-strings -Wno-packed-bitfield-compat -Wno-parentheses-equality -Wno-self-assign -Wno-tautological-compare -Wno-unused-parameter -Wno-unused-value -Wsuggest-attribute=format -Wsuggest-attribute=noreturn -Wunused-variable  -fPIC conftest.c  -L. -L/home/ec2-user/.rvm/rubies/ruby-2.6.3/lib -Wl,-rpath,/home/ec2-user/.rvm/rubies/ruby-2.6.3/lib -L/usr/lib64 -Wl,-rpath,/usr/lib64 -L. -fstack-protector-strong -rdynamic -Wl,-export-dynamic     -Wl,-rpath,'/../lib' -Wl,-rpath,'/../lib' -lruby -lpq  -lm   -lc"
checked program was:
/* begin */
 1: #include "ruby.h"
 2: 
 3: #include <libpq-fe.h>
 4: 
 5: /*top*/
 6: extern int t(void);
 7: int main(int argc, char **argv)
 8: {
 9:   if (argc > 1000000) {
10:     int (* volatile tp)(void)=(int (*)(void))&t;
11:     printf("%d", (*tp)());
12:   }
13: 
14:   return 0;
15: }
16: int t(void) { void ((*volatile p)()); p = (void ((*)()))PQconnectdb; return !p; }
/* end */

--------------------

have_func: checking for PQconninfo()... -------------------- no

"gcc -o conftest -I/home/ec2-user/.rvm/rubies/ruby-2.6.3/include/ruby-2.6.0/x86_64-linux -I/home/ec2-user/.rvm/rubies/ruby-2.6.3/include/ruby-2.6.0/ruby/backward -I/home/ec2-user/.rvm/rubies/ruby-2.6.3/include/ruby-2.6.0 -I. -I/usr/include    -O3 -ggdb3 -Wall -Wextra -Wdeclaration-after-statement -Wdeprecated-declarations -Wduplicated-cond -Wimplicit-function-declaration -Wimplicit-int -Wmisleading-indentation -Wpointer-arith -Wrestrict -Wwrite-strings -Wimplicit-fallthrough=0 -Wmissing-noreturn -Wno-cast-function-type -Wno-constant-logical-operand -Wno-long-long -Wno-missing-field-initializers -Wno-overlength-strings -Wno-packed-bitfield-compat -Wno-parentheses-equality -Wno-self-assign -Wno-tautological-compare -Wno-unused-parameter -Wno-unused-value -Wsuggest-attribute=format -Wsuggest-attribute=noreturn -Wunused-variable  -fPIC conftest.c  -L. -L/home/ec2-user/.rvm/rubies/ruby-2.6.3/lib -Wl,-rpath,/home/ec2-user/.rvm/rubies/ruby-2.6.3/lib -L/usr/lib64 -Wl,-rpath,/usr/lib64 -L. -fstack-protector-strong -rdynamic -Wl,-export-dynamic    -lpq  -Wl,-rpath,'/../lib' -Wl,-rpath,'/../lib' -lruby -lpq  -lm   -lc"
conftest.c: In function ‘t’:
conftest.c:14:57: error: ‘PQconninfo’ undeclared (first use in this function)
 int t(void) { void ((*volatile p)()); p = (void ((*)()))PQconninfo; return !p; }
                                                         ^~~~~~~~~~
conftest.c:14:57: note: each undeclared identifier is reported only once for each function it appears in
conftest.c: At top level:
cc1: warning: unrecognized command line option ‘-Wno-self-assign’
cc1: warning: unrecognized command line option ‘-Wno-parentheses-equality’
cc1: warning: unrecognized command line option ‘-Wno-constant-logical-operand’
cc1: warning: unrecognized command line option ‘-Wno-cast-function-type’
checked program was:
/* begin */
 1: #include "ruby.h"
 2: 
 3: /*top*/
 4: extern int t(void);
 5: int main(int argc, char **argv)
 6: {
 7:   if (argc > 1000000) {
 8:     int (* volatile tp)(void)=(int (*)(void))&t;
 9:     printf("%d", (*tp)());
10:   }
11: 
12:   return 0;
13: }
14: int t(void) { void ((*volatile p)()); p = (void ((*)()))PQconninfo; return !p; }
/* end */

"gcc -o conftest -I/home/ec2-user/.rvm/rubies/ruby-2.6.3/include/ruby-2.6.0/x86_64-linux -I/home/ec2-user/.rvm/rubies/ruby-2.6.3/include/ruby-2.6.0/ruby/backward -I/home/ec2-user/.rvm/rubies/ruby-2.6.3/include/ruby-2.6.0 -I. -I/usr/include    -O3 -ggdb3 -Wall -Wextra -Wdeclaration-after-statement -Wdeprecated-declarations -Wduplicated-cond -Wimplicit-function-declaration -Wimplicit-int -Wmisleading-indentation -Wpointer-arith -Wrestrict -Wwrite-strings -Wimplicit-fallthrough=0 -Wmissing-noreturn -Wno-cast-function-type -Wno-constant-logical-operand -Wno-long-long -Wno-missing-field-initializers -Wno-overlength-strings -Wno-packed-bitfield-compat -Wno-parentheses-equality -Wno-self-assign -Wno-tautological-compare -Wno-unused-parameter -Wno-unused-value -Wsuggest-attribute=format -Wsuggest-attribute=noreturn -Wunused-variable  -fPIC conftest.c  -L. -L/home/ec2-user/.rvm/rubies/ruby-2.6.3/lib -Wl,-rpath,/home/ec2-user/.rvm/rubies/ruby-2.6.3/lib -L/usr/lib64 -Wl,-rpath,/usr/lib64 -L. -fstack-protector-strong -rdynamic -Wl,-export-dynamic    -lpq  -Wl,-rpath,'/../lib' -Wl,-rpath,'/../lib' -lruby -lpq  -lm   -lc"
/tmp/ccnWbfh3.o: In function `t':
/home/ec2-user/environment/simple_board/vendor/bundle/ruby/2.6.0/gems/pg-1.3.1/ext/conftest.c:15: undefined reference to `PQconninfo'
collect2: error: ld returned 1 exit status
checked program was:
/* begin */
 1: #include "ruby.h"
 2: 
 3: /*top*/
 4: extern int t(void);
 5: int main(int argc, char **argv)
 6: {
 7:   if (argc > 1000000) {
 8:     int (* volatile tp)(void)=(int (*)(void))&t;
 9:     printf("%d", (*tp)());
10:   }
11: 
12:   return 0;
13: }
14: extern void PQconninfo();
15: int t(void) { PQconninfo(); return 0; }
/* end */

--------------------

